<?xml version="1.0" encoding="UTF-8"?>
<testng-results ignored="0" total="3" passed="3" failed="0" skipped="0">
  <reporter-output>
  </reporter-output>
  <suite started-at="2022-03-24T15:55:48 IST" name="Tested" finished-at="2022-03-24T15:55:52 IST" duration-ms="4149">
    <groups>
    </groups>
    <test started-at="2022-03-24T15:55:48 IST" name="Test1" finished-at="2022-03-24T15:55:52 IST" duration-ms="4149">
      <class name="Tested.Test1">
        <test-method is-config="true" signature="launch()[pri:0, instance:Tested.Test1@7e0b85f9]" started-at="2022-03-24T15:55:47 IST" name="launch" finished-at="2022-03-24T15:55:48 IST" duration-ms="1443" status="PASS">
          <reporter-output>
          </reporter-output>
        </test-method> <!-- launch -->
        <test-method signature="Qa()[pri:0, instance:Tested.Test1@7e0b85f9]" started-at="2022-03-24T15:55:48 IST" name="Qa" finished-at="2022-03-24T15:55:50 IST" duration-ms="1867" status="PASS">
          <reporter-output>
          </reporter-output>
        </test-method> <!-- Qa -->
        <test-method signature="Uat()[pri:0, instance:Tested.Test1@7e0b85f9]" started-at="2022-03-24T15:55:50 IST" name="Uat" finished-at="2022-03-24T15:55:51 IST" duration-ms="1155" status="PASS">
          <reporter-output>
          </reporter-output>
        </test-method> <!-- Uat -->
        <test-method signature="production()[pri:0, instance:Tested.Test1@7e0b85f9]" started-at="2022-03-24T15:55:51 IST" name="production" finished-at="2022-03-24T15:55:52 IST" duration-ms="1080" status="PASS">
          <reporter-output>
          </reporter-output>
        </test-method> <!-- production -->
        <test-method is-config="true" signature="End()[pri:0, instance:Tested.Test1@7e0b85f9]" started-at="2022-03-24T15:55:52 IST" name="End" finished-at="2022-03-24T15:55:53 IST" duration-ms="183" status="PASS">
          <reporter-output>
          </reporter-output>
        </test-method> <!-- End -->
      </class> <!-- Tested.Test1 -->
    </test> <!-- Test1 -->
  </suite> <!-- Tested -->
</testng-results>
